c:\Users\Bassem\Documents\Visual Studio 2010\Projects\ProblemSet1_try01\ProblemSet1_try01\x64\Release\cl.command.1.tlog
c:\Users\Bassem\Documents\Visual Studio 2010\Projects\ProblemSet1_try01\ProblemSet1_try01\x64\Release\CL.read.1.tlog
c:\Users\Bassem\Documents\Visual Studio 2010\Projects\ProblemSet1_try01\ProblemSet1_try01\x64\Release\CL.write.1.tlog
C:\USERS\BASSEM\DOCUMENTS\VISUAL STUDIO 2010\PROJECTS\PROBLEMSET1_TRY01\PROBLEMSET1_TRY01\X64\RELEASE\COMPARE.OBJ
C:\USERS\BASSEM\DOCUMENTS\VISUAL STUDIO 2010\PROJECTS\PROBLEMSET1_TRY01\PROBLEMSET1_TRY01\X64\RELEASE\HW1.OBJ
c:\Users\Bassem\Documents\Visual Studio 2010\Projects\ProblemSet1_try01\ProblemSet1_try01\x64\Release\link.command.1.tlog
c:\Users\Bassem\Documents\Visual Studio 2010\Projects\ProblemSet1_try01\ProblemSet1_try01\x64\Release\link.read.1.tlog
c:\Users\Bassem\Documents\Visual Studio 2010\Projects\ProblemSet1_try01\ProblemSet1_try01\x64\Release\link.write.1.tlog
C:\USERS\BASSEM\DOCUMENTS\VISUAL STUDIO 2010\PROJECTS\PROBLEMSET1_TRY01\PROBLEMSET1_TRY01\X64\RELEASE\MAIN.OBJ
c:\Users\Bassem\Documents\Visual Studio 2010\Projects\ProblemSet1_try01\ProblemSet1_try01\x64\Release\mt.command.1.tlog
c:\Users\Bassem\Documents\Visual Studio 2010\Projects\ProblemSet1_try01\ProblemSet1_try01\x64\Release\mt.read.1.tlog
c:\Users\Bassem\Documents\Visual Studio 2010\Projects\ProblemSet1_try01\ProblemSet1_try01\x64\Release\mt.write.1.tlog
C:\USERS\BASSEM\DOCUMENTS\VISUAL STUDIO 2010\PROJECTS\PROBLEMSET1_TRY01\PROBLEMSET1_TRY01\X64\RELEASE\PROBLEMSET1_TRY01.EXE.INTERMEDIATE.MANIFEST
c:\Users\Bassem\Documents\Visual Studio 2010\Projects\ProblemSet1_try01\ProblemSet1_try01\x64\Release\ProblemSet1_try01.vcxprojResolveAssemblyReference.cache
c:\Users\Bassem\Documents\Visual Studio 2010\Projects\ProblemSet1_try01\ProblemSet1_try01\x64\Release\ProblemSet1_try01.write.1.tlog
C:\USERS\BASSEM\DOCUMENTS\VISUAL STUDIO 2010\PROJECTS\PROBLEMSET1_TRY01\PROBLEMSET1_TRY01\X64\RELEASE\REFERENCE_CALC.OBJ
c:\Users\Bassem\Documents\Visual Studio 2010\Projects\ProblemSet1_try01\ProblemSet1_try01\x64\Release\student_func Bacup.cu.cache
c:\Users\Bassem\Documents\Visual Studio 2010\Projects\ProblemSet1_try01\ProblemSet1_try01\x64\Release\student_func.cu.cache
c:\Users\Bassem\Documents\Visual Studio 2010\Projects\ProblemSet1_try01\ProblemSet1_try01\x64\Release\student_func.cu.obj
C:\USERS\BASSEM\DOCUMENTS\VISUAL STUDIO 2010\PROJECTS\PROBLEMSET1_TRY01\PROBLEMSET1_TRY01\X64\RELEASE\VC100.PDB
C:\USERS\BASSEM\DOCUMENTS\VISUAL STUDIO 2010\PROJECTS\PROBLEMSET1_TRY01\X64\RELEASE\PROBLEMSET1_TRY01.EXE
C:\USERS\BASSEM\DOCUMENTS\VISUAL STUDIO 2010\PROJECTS\PROBLEMSET1_TRY01\X64\RELEASE\PROBLEMSET1_TRY01.PDB
